bin/Android/Debug/manifest-merger-debug-report.txt
-- Merging decision tree log ---
manifest
ADDED from AndroidManifest.xml:2:1
	android:hardwareAccelerated
		ADDED from AndroidManifest.xml:2:11
	xmlns:android
		ADDED from AndroidManifest.xml:2:141
	package
		ADDED from AndroidManifest.xml:2:98
	android:versionName
		ADDED from AndroidManifest.xml:2:70
	android:versionCode
		ADDED from AndroidManifest.xml:2:46
		INJECTED from AndroidManifest.xml:0:0
		INJECTED from AndroidManifest.xml:0:0
supports-screens
ADDED from AndroidManifest.xml:3:5
	android:resizeable
		ADDED from AndroidManifest.xml:3:106
	android:largeScreens
		ADDED from AndroidManifest.xml:3:49
	android:anyDensity
		ADDED from AndroidManifest.xml:3:23
	android:normalScreens
		ADDED from AndroidManifest.xml:3:77
	android:xlargeScreens
		ADDED from AndroidManifest.xml:3:160
	android:smallScreens
		ADDED from AndroidManifest.xml:3:132
application
ADDED from AndroidManifest.xml:4:5
MERGED from com.android.support:support-v13:23.0.1:22:5
MERGED from com.android.support:support-v4:23.0.1:22:5
MERGED from com.google.android.gms:play-services-gcm:8.3.0:24:5
MERGED from com.google.android.gms:play-services-basement:8.3.0:20:5
MERGED from com.android.support:support-v4:23.0.1:22:5
MERGED from com.google.android.gms:play-services-measurement:8.3.0:26:5
MERGED from com.google.android.gms:play-services-basement:8.3.0:20:5
MERGED from com.android.support:support-v4:23.0.1:22:5
	android:supportsRtl
		ADDED from AndroidManifest.xml:4:116
	android:label
		ADDED from AndroidManifest.xml:4:83
	android:icon
		ADDED from AndroidManifest.xml:4:53
	android:hardwareAccelerated
		ADDED from AndroidManifest.xml:4:18
activity#com.ionicframework.atdtest725260.MainActivity
ADDED from AndroidManifest.xml:5:9
	android:windowSoftInputMode
		ADDED from AndroidManifest.xml:5:248
	android:label
		ADDED from AndroidManifest.xml:5:97
	android:configChanges
		ADDED from AndroidManifest.xml:5:19
	android:theme
		ADDED from AndroidManifest.xml:5:194
	android:name
		ADDED from AndroidManifest.xml:5:166
	android:launchMode
		ADDED from AndroidManifest.xml:5:135
intent-filter#android.intent.action.MAIN+android.intent.category.LAUNCHER
ADDED from AndroidManifest.xml:6:13
	android:label
		ADDED from AndroidManifest.xml:6:28
action#android.intent.action.MAIN
ADDED from AndroidManifest.xml:7:17
	android:name
		ADDED from AndroidManifest.xml:7:25
category#android.intent.category.LAUNCHER
ADDED from AndroidManifest.xml:8:17
	android:name
		ADDED from AndroidManifest.xml:8:27
activity#com.adobe.phonegap.push.PushHandlerActivity
ADDED from AndroidManifest.xml:11:9
	android:exported
		ADDED from AndroidManifest.xml:11:19
	android:name
		ADDED from AndroidManifest.xml:11:43
receiver#com.google.android.gms.gcm.GcmReceiver
ADDED from AndroidManifest.xml:12:9
	android:exported
		ADDED from AndroidManifest.xml:12:19
	android:permission
		ADDED from AndroidManifest.xml:12:97
	android:name
		ADDED from AndroidManifest.xml:12:43
intent-filter#com.google.android.c2dm.intent.RECEIVE+com.ionicframework.atdtest725260
ADDED from AndroidManifest.xml:13:13
action#com.google.android.c2dm.intent.RECEIVE
ADDED from AndroidManifest.xml:14:17
	android:name
		ADDED from AndroidManifest.xml:14:25
category#com.ionicframework.atdtest725260
ADDED from AndroidManifest.xml:15:17
	android:name
		ADDED from AndroidManifest.xml:15:27
service#com.adobe.phonegap.push.GCMIntentService
ADDED from AndroidManifest.xml:18:9
	android:exported
		ADDED from AndroidManifest.xml:18:18
	android:name
		ADDED from AndroidManifest.xml:18:43
intent-filter#com.google.android.c2dm.intent.RECEIVE
ADDED from AndroidManifest.xml:19:13
service#com.adobe.phonegap.push.PushInstanceIDListenerService
ADDED from AndroidManifest.xml:23:9
	android:exported
		ADDED from AndroidManifest.xml:23:18
	android:name
		ADDED from AndroidManifest.xml:23:43
intent-filter#com.google.android.gms.iid.InstanceID
ADDED from AndroidManifest.xml:24:13
action#com.google.android.gms.iid.InstanceID
ADDED from AndroidManifest.xml:25:17
	android:name
		ADDED from AndroidManifest.xml:25:25
uses-sdk
ADDED from AndroidManifest.xml:29:5
MERGED from com.android.support:support-v13:23.0.1:20:5
MERGED from com.android.support:support-v4:23.0.1:20:5
MERGED from com.google.android.gms:play-services-gcm:8.3.0:18:5
MERGED from com.google.android.gms:play-services-base:8.3.0:18:5
MERGED from com.google.android.gms:play-services-basement:8.3.0:18:5
MERGED from com.android.support:support-v4:23.0.1:20:5
MERGED from com.google.android.gms:play-services-measurement:8.3.0:18:5
MERGED from com.google.android.gms:play-services-basement:8.3.0:18:5
MERGED from com.android.support:support-v4:23.0.1:20:5
MERGED from android:CordovaLib:unspecified:debug:25:5
	android:targetSdkVersion
		ADDED from AndroidManifest.xml:29:42
	android:minSdkVersion
		ADDED from AndroidManifest.xml:29:15
uses-permission#android.permission.INTERNET
ADDED from AndroidManifest.xml:30:5
MERGED from com.google.android.gms:play-services-gcm:8.3.0:22:5
MERGED from com.google.android.gms:play-services-measurement:8.3.0:21:5
	android:name
		ADDED from AndroidManifest.xml:30:22
uses-permission#android.permission.ACCESS_NETWORK_STATE
ADDED from AndroidManifest.xml:31:5
MERGED from com.google.android.gms:play-services-measurement:8.3.0:22:5
	android:name
		ADDED from AndroidManifest.xml:31:22
uses-permission#android.permission.WAKE_LOCK
ADDED from AndroidManifest.xml:32:5
MERGED from com.google.android.gms:play-services-measurement:8.3.0:24:5
	android:name
		ADDED from AndroidManifest.xml:32:22
uses-permission#android.permission.VIBRATE
ADDED from AndroidManifest.xml:33:5
	android:name
		ADDED from AndroidManifest.xml:33:22
uses-permission#com.google.android.c2dm.permission.RECEIVE
ADDED from AndroidManifest.xml:34:5
MERGED from com.google.android.gms:play-services-gcm:8.3.0:21:5
	android:name
		ADDED from AndroidManifest.xml:34:22
permission#com.ionicframework.atdtest725260.permission.C2D_MESSAGE
ADDED from AndroidManifest.xml:35:5
	android:protectionLevel
		ADDED from AndroidManifest.xml:35:88
	android:name
		ADDED from AndroidManifest.xml:35:17
uses-permission#com.ionicframework.atdtest725260.permission.C2D_MESSAGE
ADDED from AndroidManifest.xml:36:5
	android:name
		ADDED from AndroidManifest.xml:36:22
meta-data#com.google.android.gms.version
ADDED from com.google.android.gms:play-services-basement:8.3.0:21:9
MERGED from com.google.android.gms:play-services-basement:8.3.0:21:9
	android:name
		ADDED from com.google.android.gms:play-services-basement:8.3.0:22:13
	android:value
		ADDED from com.google.android.gms:play-services-basement:8.3.0:23:13
provider#com.google.android.gms.measurement.AppMeasurementContentProvider
ADDED from com.google.android.gms:play-services-measurement:8.3.0:28:7
	android:exported
		ADDED from com.google.android.gms:play-services-measurement:8.3.0:31:11
	android:authorities
		ADDED from com.google.android.gms:play-services-measurement:8.3.0:29:11
	android:name
		ADDED from com.google.android.gms:play-services-measurement:8.3.0:30:11
receiver#com.google.android.gms.measurement.AppMeasurementReceiver
ADDED from com.google.android.gms:play-services-measurement:8.3.0:33:7
	android:enabled
		ADDED from com.google.android.gms:play-services-measurement:8.3.0:35:11
	android:name
		ADDED from com.google.android.gms:play-services-measurement:8.3.0:34:11
intent-filter#com.google.android.gms.measurement.UPLOAD
ADDED from com.google.android.gms:play-services-measurement:8.3.0:36:9
action#com.google.android.gms.measurement.UPLOAD
ADDED from com.google.android.gms:play-services-measurement:8.3.0:37:11
	android:name
		ADDED from com.google.android.gms:play-services-measurement:8.3.0:37:19
service#com.google.android.gms.measurement.AppMeasurementService
ADDED from com.google.android.gms:play-services-measurement:8.3.0:41:7
	android:exported
		ADDED from com.google.android.gms:play-services-measurement:8.3.0:44:11
	android:enabled
		ADDED from com.google.android.gms:play-services-measurement:8.3.0:43:11
	android:name
		ADDED from com.google.android.gms:play-services-measurement:8.3.0:42:11